Determining if the pthread_create exist failed with the following output:
Change Dir: /root/signal_generator/build/CMakeFiles/CMakeTmp

Run Build Command:"/usr/bin/make" "cmTC_b43ba/fast"
/usr/bin/make -f CMakeFiles/cmTC_b43ba.dir/build.make CMakeFiles/cmTC_b43ba.dir/build
make[1]: Entering directory '/root/signal_generator/build/CMakeFiles/CMakeTmp'
Building C object CMakeFiles/cmTC_b43ba.dir/CheckSymbolExists.c.o
/usr/bin/cc     -o CMakeFiles/cmTC_b43ba.dir/CheckSymbolExists.c.o   -c /root/signal_generator/build/CMakeFiles/CMakeTmp/CheckSymbolExists.c
Linking C executable cmTC_b43ba
/usr/bin/cmake -E cmake_link_script CMakeFiles/cmTC_b43ba.dir/link.txt --verbose=1
/usr/bin/cc       CMakeFiles/cmTC_b43ba.dir/CheckSymbolExists.c.o  -o cmTC_b43ba 
CMakeFiles/cmTC_b43ba.dir/CheckSymbolExists.c.o: In function `main':
CheckSymbolExists.c:(.text+0xe): undefined reference to `pthread_create'
CheckSymbolExists.c:(.text+0x12): undefined reference to `pthread_create'
collect2: error: ld returned 1 exit status
CMakeFiles/cmTC_b43ba.dir/build.make:97: recipe for target 'cmTC_b43ba' failed
make[1]: *** [cmTC_b43ba] Error 1
make[1]: Leaving directory '/root/signal_generator/build/CMakeFiles/CMakeTmp'
Makefile:126: recipe for target 'cmTC_b43ba/fast' failed
make: *** [cmTC_b43ba/fast] Error 2

File /root/signal_generator/build/CMakeFiles/CMakeTmp/CheckSymbolExists.c:
/* */
#include <pthread.h>

int main(int argc, char** argv)
{
  (void)argv;
#ifndef pthread_create
  return ((int*)(&pthread_create))[argc];
#else
  (void)argc;
  return 0;
#endif
}

Determining if the function pthread_create exists in the pthreads failed with the following output:
Change Dir: /root/signal_generator/build/CMakeFiles/CMakeTmp

Run Build Command:"/usr/bin/make" "cmTC_d254f/fast"
/usr/bin/make -f CMakeFiles/cmTC_d254f.dir/build.make CMakeFiles/cmTC_d254f.dir/build
make[1]: Entering directory '/root/signal_generator/build/CMakeFiles/CMakeTmp'
Building C object CMakeFiles/cmTC_d254f.dir/CheckFunctionExists.c.o
/usr/bin/cc    -DCHECK_FUNCTION_EXISTS=pthread_create   -o CMakeFiles/cmTC_d254f.dir/CheckFunctionExists.c.o   -c /usr/share/cmake-3.5/Modules/CheckFunctionExists.c
Linking C executable cmTC_d254f
/usr/bin/cmake -E cmake_link_script CMakeFiles/cmTC_d254f.dir/link.txt --verbose=1
/usr/bin/cc   -DCHECK_FUNCTION_EXISTS=pthread_create    CMakeFiles/cmTC_d254f.dir/CheckFunctionExists.c.o  -o cmTC_d254f -lpthreads 
/usr/bin/ld: cannot find -lpthreads
collect2: error: ld returned 1 exit status
CMakeFiles/cmTC_d254f.dir/build.make:97: recipe for target 'cmTC_d254f' failed
make[1]: *** [cmTC_d254f] Error 1
make[1]: Leaving directory '/root/signal_generator/build/CMakeFiles/CMakeTmp'
Makefile:126: recipe for target 'cmTC_d254f/fast' failed
make: *** [cmTC_d254f/fast] Error 2


